?d{yyyy-MM-dd HH:mm:ss.SSS} [main] DEBUG me.khrystal.market.dao.AreaDao.queryArea -==>  Preparing: SELECT area_id, area_name, priority, create_time, last_edit_time FROM tb_area ORDER BY priority DESC 
?d{yyyy-MM-dd HH:mm:ss.SSS} [main] DEBUG me.khrystal.market.dao.AreaDao.queryArea -==> Parameters: 
?d{yyyy-MM-dd HH:mm:ss.SSS} [main] DEBUG me.khrystal.market.dao.AreaDao.queryArea -<==      Total: 2
?d{yyyy-MM-dd HH:mm:ss.SSS} [main] DEBUG me.khrystal.market.dao.ShopDao.updateShop -==>  Preparing: UPDATE tb_shop SET shop_desc=?, shop_addr=?, phone=?, shop_img=?, last_edit_time=?, enable_status=?, advise=? WHERE shop_id=? 
?d{yyyy-MM-dd HH:mm:ss.SSS} [main] DEBUG me.khrystal.market.dao.ShopDao.updateShop -==> Parameters: test(String), test(String), test(String), test(String), 2018-06-08 10:11:10.228(Timestamp), 1(Integer), ???(String), 1(Long)
?d{yyyy-MM-dd HH:mm:ss.SSS} [main] DEBUG me.khrystal.market.dao.ShopDao.updateShop -<==    Updates: 1
?d{yyyy-MM-dd HH:mm:ss.SSS} [main] DEBUG me.khrystal.market.dao.ShopDao.insertShop -==>  Preparing: INSERT INTO tb_shop(owner_id, area_id, shop_category_id, shop_name, shop_desc, shop_addr, phone, shop_img, priority, create_time, last_edit_time, enable_status, advise) VALUES (?, ?, ?, ?, ?, ?, ?, ?, ?, ?, ?, ?, ?) 
?d{yyyy-MM-dd HH:mm:ss.SSS} [main] DEBUG me.khrystal.market.dao.ShopDao.insertShop -==> Parameters: 1(Long), 2(Integer), 1(Long), ??????(String), null, ??????(String), ??????(String), ??????(String), null, 2018-06-08 10:11:10.262(Timestamp), 2018-06-08 10:11:10.262(Timestamp), 1(Integer), ??????(String)
?d{yyyy-MM-dd HH:mm:ss.SSS} [main] DEBUG me.khrystal.market.dao.ShopDao.insertShop -<==    Updates: 1
?d{yyyy-MM-dd HH:mm:ss.SSS} [main] DEBUG me.khrystal.market.dao.AreaDao.queryArea -==>  Preparing: SELECT area_id, area_name, priority, create_time, last_edit_time FROM tb_area ORDER BY priority DESC 
?d{yyyy-MM-dd HH:mm:ss.SSS} [main] DEBUG me.khrystal.market.dao.AreaDao.queryArea -==> Parameters: 
?d{yyyy-MM-dd HH:mm:ss.SSS} [main] DEBUG me.khrystal.market.dao.AreaDao.queryArea -<==      Total: 2
?d{yyyy-MM-dd HH:mm:ss.SSS} [main] DEBUG me.khrystal.market.dao.AreaDao.queryArea -==>  Preparing: SELECT area_id, area_name, priority, create_time, last_edit_time FROM tb_area ORDER BY priority DESC 
?d{yyyy-MM-dd HH:mm:ss.SSS} [main] DEBUG me.khrystal.market.dao.AreaDao.queryArea -==> Parameters: 
?d{yyyy-MM-dd HH:mm:ss.SSS} [main] DEBUG me.khrystal.market.dao.AreaDao.queryArea -<==      Total: 2
?d{yyyy-MM-dd HH:mm:ss.SSS} [main] DEBUG me.khrystal.market.dao.ShopDao.updateShop -==>  Preparing: UPDATE tb_shop SET shop_desc=?, shop_addr=?, phone=?, shop_img=?, last_edit_time=?, enable_status=?, advise=? WHERE shop_id=? 
?d{yyyy-MM-dd HH:mm:ss.SSS} [main] DEBUG me.khrystal.market.dao.ShopDao.updateShop -==> Parameters: test(String), test(String), test(String), test(String), 2018-06-08 10:11:29.352(Timestamp), 1(Integer), ???(String), 1(Long)
?d{yyyy-MM-dd HH:mm:ss.SSS} [main] DEBUG me.khrystal.market.dao.ShopDao.updateShop -<==    Updates: 1
?d{yyyy-MM-dd HH:mm:ss.SSS} [main] DEBUG me.khrystal.market.dao.ShopDao.insertShop -==>  Preparing: INSERT INTO tb_shop(owner_id, area_id, shop_category_id, shop_name, shop_desc, shop_addr, phone, shop_img, priority, create_time, last_edit_time, enable_status, advise) VALUES (?, ?, ?, ?, ?, ?, ?, ?, ?, ?, ?, ?, ?) 
?d{yyyy-MM-dd HH:mm:ss.SSS} [main] DEBUG me.khrystal.market.dao.ShopDao.insertShop -==> Parameters: 1(Long), 2(Integer), 1(Long), ??????(String), null, ??????(String), ??????(String), ??????(String), null, 2018-06-08 10:11:29.386(Timestamp), 2018-06-08 10:11:29.386(Timestamp), 1(Integer), ??????(String)
?d{yyyy-MM-dd HH:mm:ss.SSS} [main] DEBUG me.khrystal.market.dao.ShopDao.insertShop -<==    Updates: 1
?d{yyyy-MM-dd HH:mm:ss.SSS} [main] DEBUG me.khrystal.market.dao.AreaDao.queryArea -==>  Preparing: SELECT area_id, area_name, priority, create_time, last_edit_time FROM tb_area ORDER BY priority DESC 
?d{yyyy-MM-dd HH:mm:ss.SSS} [main] DEBUG me.khrystal.market.dao.AreaDao.queryArea -==> Parameters: 
?d{yyyy-MM-dd HH:mm:ss.SSS} [main] DEBUG me.khrystal.market.dao.AreaDao.queryArea -<==      Total: 2
％d{yyyy-MM-dd HH:mm:ss.SSS} [main] DEBUG me.khrystal.market.dao.ShopDao.updateShop -==>  Preparing: UPDATE tb_shop SET shop_desc=?, shop_addr=?, phone=?, shop_img=?, last_edit_time=?, enable_status=?, advise=? WHERE shop_id=? 
％d{yyyy-MM-dd HH:mm:ss.SSS} [main] DEBUG me.khrystal.market.dao.ShopDao.updateShop -==> Parameters: test(String), test(String), test(String), test(String), 2018-06-08 10:12:28.976(Timestamp), 1(Integer), 审核中(String), 1(Long)
％d{yyyy-MM-dd HH:mm:ss.SSS} [main] DEBUG me.khrystal.market.dao.ShopDao.updateShop -<==    Updates: 1
?d{yyyy-MM-dd HH:mm:ss.SSS} [main] DEBUG me.khrystal.market.dao.AreaDao.queryArea -==>  Preparing: SELECT area_id, area_name, priority, create_time, last_edit_time FROM tb_area ORDER BY priority DESC 
?d{yyyy-MM-dd HH:mm:ss.SSS} [main] DEBUG me.khrystal.market.dao.AreaDao.queryArea -==> Parameters: 
?d{yyyy-MM-dd HH:mm:ss.SSS} [main] DEBUG me.khrystal.market.dao.AreaDao.queryArea -<==      Total: 2
?d{yyyy-MM-dd HH:mm:ss.SSS} [main] DEBUG me.khrystal.market.dao.ShopDao.updateShop -==>  Preparing: UPDATE tb_shop SET shop_desc=?, shop_addr=?, phone=?, shop_img=?, last_edit_time=?, enable_status=?, advise=? WHERE shop_id=? 
?d{yyyy-MM-dd HH:mm:ss.SSS} [main] DEBUG me.khrystal.market.dao.ShopDao.updateShop -==> Parameters: test(String), test(String), test(String), test(String), 2018-06-08 10:12:43.065(Timestamp), 1(Integer), ???(String), 1(Long)
?d{yyyy-MM-dd HH:mm:ss.SSS} [main] DEBUG me.khrystal.market.dao.ShopDao.updateShop -<==    Updates: 1
?d{yyyy-MM-dd HH:mm:ss.SSS} [main] DEBUG me.khrystal.market.dao.ShopDao.insertShop -==>  Preparing: INSERT INTO tb_shop(owner_id, area_id, shop_category_id, shop_name, shop_desc, shop_addr, phone, shop_img, priority, create_time, last_edit_time, enable_status, advise) VALUES (?, ?, ?, ?, ?, ?, ?, ?, ?, ?, ?, ?, ?) 
?d{yyyy-MM-dd HH:mm:ss.SSS} [main] DEBUG me.khrystal.market.dao.ShopDao.insertShop -==> Parameters: 1(Long), 2(Integer), 1(Long), ??????(String), null, ??????(String), ??????(String), ??????(String), null, 2018-06-08 10:12:43.097(Timestamp), 2018-06-08 10:12:43.097(Timestamp), 1(Integer), ??????(String)
?d{yyyy-MM-dd HH:mm:ss.SSS} [main] DEBUG me.khrystal.market.dao.ShopDao.insertShop -<==    Updates: 1
?d{yyyy-MM-dd HH:mm:ss.SSS} [main] DEBUG me.khrystal.market.dao.AreaDao.queryArea -==>  Preparing: SELECT area_id, area_name, priority, create_time, last_edit_time FROM tb_area ORDER BY priority DESC 
?d{yyyy-MM-dd HH:mm:ss.SSS} [main] DEBUG me.khrystal.market.dao.AreaDao.queryArea -==> Parameters: 
?d{yyyy-MM-dd HH:mm:ss.SSS} [main] DEBUG me.khrystal.market.dao.AreaDao.queryArea -<==      Total: 2
?d{yyyy-MM-dd HH:mm:ss.SSS} [main] DEBUG me.khrystal.market.dao.AreaDao.queryArea -==>  Preparing: SELECT area_id, area_name, priority, create_time, last_edit_time FROM tb_area ORDER BY priority DESC 
?d{yyyy-MM-dd HH:mm:ss.SSS} [main] DEBUG me.khrystal.market.dao.AreaDao.queryArea -==> Parameters: 
?d{yyyy-MM-dd HH:mm:ss.SSS} [main] DEBUG me.khrystal.market.dao.AreaDao.queryArea -<==      Total: 2
?d{yyyy-MM-dd HH:mm:ss.SSS} [main] DEBUG me.khrystal.market.dao.ShopDao.updateShop -==>  Preparing: UPDATE tb_shop SET shop_desc=?, shop_addr=?, phone=?, shop_img=?, last_edit_time=?, enable_status=?, advise=? WHERE shop_id=? 
?d{yyyy-MM-dd HH:mm:ss.SSS} [main] DEBUG me.khrystal.market.dao.ShopDao.updateShop -==> Parameters: test(String), test(String), test(String), test(String), 2018-06-08 10:13:14.651(Timestamp), 1(Integer), ???(String), 1(Long)
?d{yyyy-MM-dd HH:mm:ss.SSS} [main] DEBUG me.khrystal.market.dao.ShopDao.updateShop -<==    Updates: 1
?d{yyyy-MM-dd HH:mm:ss.SSS} [main] DEBUG me.khrystal.market.dao.ShopDao.insertShop -==>  Preparing: INSERT INTO tb_shop(owner_id, area_id, shop_category_id, shop_name, shop_desc, shop_addr, phone, shop_img, priority, create_time, last_edit_time, enable_status, advise) VALUES (?, ?, ?, ?, ?, ?, ?, ?, ?, ?, ?, ?, ?) 
?d{yyyy-MM-dd HH:mm:ss.SSS} [main] DEBUG me.khrystal.market.dao.ShopDao.insertShop -==> Parameters: 1(Long), 2(Integer), 1(Long), ??????(String), null, ??????(String), ??????(String), ??????(String), null, 2018-06-08 10:13:14.682(Timestamp), 2018-06-08 10:13:14.682(Timestamp), 1(Integer), ??????(String)
?d{yyyy-MM-dd HH:mm:ss.SSS} [main] DEBUG me.khrystal.market.dao.ShopDao.insertShop -<==    Updates: 1
?d{yyyy-MM-dd HH:mm:ss.SSS} [main] DEBUG me.khrystal.market.dao.AreaDao.queryArea -==>  Preparing: SELECT area_id, area_name, priority, create_time, last_edit_time FROM tb_area ORDER BY priority DESC 
?d{yyyy-MM-dd HH:mm:ss.SSS} [main] DEBUG me.khrystal.market.dao.AreaDao.queryArea -==> Parameters: 
?d{yyyy-MM-dd HH:mm:ss.SSS} [main] DEBUG me.khrystal.market.dao.AreaDao.queryArea -<==      Total: 2
?d{yyyy-MM-dd HH:mm:ss.SSS} [main] DEBUG me.khrystal.market.dao.AreaDao.queryArea -==>  Preparing: SELECT area_id, area_name, priority, create_time, last_edit_time FROM tb_area ORDER BY priority DESC 
?d{yyyy-MM-dd HH:mm:ss.SSS} [main] DEBUG me.khrystal.market.dao.AreaDao.queryArea -==> Parameters: 
?d{yyyy-MM-dd HH:mm:ss.SSS} [main] DEBUG me.khrystal.market.dao.AreaDao.queryArea -<==      Total: 2
?d{yyyy-MM-dd HH:mm:ss.SSS} [main] DEBUG me.khrystal.market.dao.AreaDao.queryArea -==>  Preparing: SELECT area_id, area_name, priority, create_time, last_edit_time FROM tb_area ORDER BY priority DESC 
?d{yyyy-MM-dd HH:mm:ss.SSS} [main] DEBUG me.khrystal.market.dao.AreaDao.queryArea -==> Parameters: 
?d{yyyy-MM-dd HH:mm:ss.SSS} [main] DEBUG me.khrystal.market.dao.AreaDao.queryArea -<==      Total: 2
?d{yyyy-MM-dd HH:mm:ss.SSS} [main] DEBUG me.khrystal.market.dao.AreaDao.queryArea -==>  Preparing: SELECT area_id, area_name, priority, create_time, last_edit_time FROM tb_area ORDER BY priority DESC 
?d{yyyy-MM-dd HH:mm:ss.SSS} [main] DEBUG me.khrystal.market.dao.AreaDao.queryArea -==> Parameters: 
?d{yyyy-MM-dd HH:mm:ss.SSS} [main] DEBUG me.khrystal.market.dao.AreaDao.queryArea -<==      Total: 2
?d{yyyy-MM-dd HH:mm:ss.SSS} [main] DEBUG me.khrystal.market.dao.AreaDao.queryArea -==>  Preparing: SELECT area_id, area_name, priority, create_time, last_edit_time FROM tb_area ORDER BY priority DESC 
?d{yyyy-MM-dd HH:mm:ss.SSS} [main] DEBUG me.khrystal.market.dao.AreaDao.queryArea -==> Parameters: 
?d{yyyy-MM-dd HH:mm:ss.SSS} [main] DEBUG me.khrystal.market.dao.AreaDao.queryArea -<==      Total: 2
