?d{yyyy-MM-dd HH:mm:ss.SSS} [http-bio-8080-exec-7] INFO  me.khrystal.market.web.superadmin.AreaController -===start===
?d{yyyy-MM-dd HH:mm:ss.SSS} [http-bio-8080-exec-7] DEBUG me.khrystal.market.dao.AreaDao.queryArea -==>  Preparing: SELECT area_id, area_name, priority, create_time, last_edit_time FROM tb_area ORDER BY priority DESC 
?d{yyyy-MM-dd HH:mm:ss.SSS} [http-bio-8080-exec-7] DEBUG me.khrystal.market.dao.AreaDao.queryArea -==> Parameters: 
?d{yyyy-MM-dd HH:mm:ss.SSS} [http-bio-8080-exec-7] DEBUG me.khrystal.market.dao.AreaDao.queryArea -<==      Total: 2
?d{yyyy-MM-dd HH:mm:ss.SSS} [http-bio-8080-exec-7] ERROR me.khrystal.market.web.superadmin.AreaController -test error!
?d{yyyy-MM-dd HH:mm:ss.SSS} [http-bio-8080-exec-7] DEBUG me.khrystal.market.web.superadmin.AreaController -costTime:[331ms]
?d{yyyy-MM-dd HH:mm:ss.SSS} [http-bio-8080-exec-7] INFO  me.khrystal.market.web.superadmin.AreaController -===end===
％d{yyyy-MM-dd HH:mm:ss.SSS} [main] DEBUG me.khrystal.market.dao.ShopDao.insertShop -==>  Preparing: INSERT INTO tb_shop(owner_id, area_id, shop_category_id, shop_name, shop_desc, shop_addr, phone, shop_img, priority, create_time, last_edit_time, enable_status, advice) VALUES (?, ?, ?, ?, ?, ?, ?, ?, ?, ?, ?, ?, ?) 
％d{yyyy-MM-dd HH:mm:ss.SSS} [main] DEBUG me.khrystal.market.dao.ShopDao.insertShop -==>  Preparing: INSERT INTO tb_shop(owner_id, area_id, shop_category_id, shop_name, shop_desc, shop_addr, phone, shop_img, priority, create_time, last_edit_time, enable_status, advance) VALUES (?, ?, ?, ?, ?, ?, ?, ?, ?, ?, ?, ?, ?) 
％d{yyyy-MM-dd HH:mm:ss.SSS} [main] DEBUG me.khrystal.market.dao.ShopDao.insertShop -==> Parameters: 1(Long), 2(Integer), 1(Long), 测试店铺描述(String), null, 测试店铺地址(String), 测试店铺电话(String), 测试店铺图片(String), null, 2018-06-07 15:16:40.759(Timestamp), 2018-06-07 15:16:40.759(Timestamp), 1(Integer), 测试店铺建议(String)
％d{yyyy-MM-dd HH:mm:ss.SSS} [main] DEBUG me.khrystal.market.dao.ShopDao.insertShop -<==    Updates: 1
％d{yyyy-MM-dd HH:mm:ss.SSS} [main] DEBUG me.khrystal.market.dao.ShopDao.insertShop -==>  Preparing: INSERT INTO tb_shop(owner_id, area_id, shop_category_id, shop_name, shop_desc, shop_addr, phone, shop_img, priority, create_time, last_edit_time, enable_status, advise) VALUES (?, ?, ?, ?, ?, ?, ?, ?, ?, ?, ?, ?, ?) 
％d{yyyy-MM-dd HH:mm:ss.SSS} [main] DEBUG me.khrystal.market.dao.ShopDao.insertShop -==> Parameters: 1(Long), 2(Integer), 1(Long), 测试店铺描述(String), null, 测试店铺地址(String), 测试店铺电话(String), 测试店铺图片(String), null, 2018-06-07 15:21:52.438(Timestamp), 2018-06-07 15:21:52.438(Timestamp), 1(Integer), 测试店铺建议(String)
％d{yyyy-MM-dd HH:mm:ss.SSS} [main] DEBUG me.khrystal.market.dao.ShopDao.insertShop -==>  Preparing: INSERT INTO tb_shop(owner_id, area_id, shop_category_id, shop_name, shop_desc, shop_addr, phone, shop_img, priority, create_time, last_edit_time, enable_status, advise) VALUES (?, ?, ?, ?, ?, ?, ?, ?, ?, ?, ?, ?, ?) 
％d{yyyy-MM-dd HH:mm:ss.SSS} [main] DEBUG me.khrystal.market.dao.ShopDao.insertShop -==> Parameters: 1(Long), 2(Integer), 1(Long), 测试店铺描述(String), null, 测试店铺地址(String), 测试店铺电话(String), 测试店铺图片(String), null, 2018-06-07 15:22:15.659(Timestamp), 2018-06-07 15:22:15.659(Timestamp), 1(Integer), 测试店铺建议(String)
％d{yyyy-MM-dd HH:mm:ss.SSS} [main] DEBUG me.khrystal.market.dao.ShopDao.insertShop -<==    Updates: 1
％d{yyyy-MM-dd HH:mm:ss.SSS} [main] DEBUG me.khrystal.market.dao.ShopDao.updateShop -==>  Preparing: UPDATE tb_shop SET shop_desc=?, shop_addr=?, phone=?, shop_img=?, enable_status=?, advise=?, -- 复合类型 WHERE shop_id=? 
％d{yyyy-MM-dd HH:mm:ss.SSS} [main] DEBUG me.khrystal.market.dao.ShopDao.updateShop -==> Parameters: test(String), test(String), test(String), test(String), 1(Integer), 审核中(String), 1(Long)
％d{yyyy-MM-dd HH:mm:ss.SSS} [main] DEBUG me.khrystal.market.dao.ShopDao.updateShop -==>  Preparing: UPDATE tb_shop SET shop_desc=?, shop_addr=?, phone=?, shop_img=?, enable_status=?, advise=? WHERE shop_id=? 
％d{yyyy-MM-dd HH:mm:ss.SSS} [main] DEBUG me.khrystal.market.dao.ShopDao.updateShop -==> Parameters: test(String), test(String), test(String), test(String), 1(Integer), 审核中(String), 1(Long)
％d{yyyy-MM-dd HH:mm:ss.SSS} [main] DEBUG me.khrystal.market.dao.ShopDao.updateShop -<==    Updates: 1
